<?xml version="1.0" encoding="UTF-8"?>
<testng-results skipped="0" failed="0" total="1" passed="1">
  <reporter-output>
  </reporter-output>
  <suite name="Default suite" duration-ms="3573" started-at="2019-08-14T04:10:40Z" finished-at="2019-08-14T04:10:44Z">
    <groups>
    </groups>
    <test name="Default test" duration-ms="3573" started-at="2019-08-14T04:10:40Z" finished-at="2019-08-14T04:10:44Z">
      <class name="com.automate.api.testSomeGroovy">
        <test-method status="PASS" signature="testwithJsonPath()[pri:0, instance:com.automate.api.testSomeGroovy@1f37ef1]" name="testwithJsonPath" duration-ms="3564" started-at="2019-08-14T09:40:40Z" finished-at="2019-08-14T09:40:44Z">
          <reporter-output>
          </reporter-output>
        </test-method> <!-- testwithJsonPath -->
      </class> <!-- com.automate.api.testSomeGroovy -->
    </test> <!-- Default test -->
  </suite> <!-- Default suite -->
</testng-results>
